1701756838.162246 client started (88228): version 3.2a, socket /tmp/tmux-1000/default, protocol 8
1701756838.162298 on Linux 6.2.0-37-generic #38~22.04.1-Ubuntu SMP PREEMPT_DYNAMIC Thu Nov  2 18:01:13 UTC 2
1701756838.162315 using libevent 2.1.12-stable (poll); ncurses 6.3
1701756838.162353 flags are 0x18000000
1701756838.162368 socket is /tmp/tmux-1000/default
1701756838.162399 trying connect
1701756838.162442 connect failed: No such file or directory
1701756838.162474 lock file is /tmp/tmux-1000/default.lock
1701756838.162534 flock succeeded
1701756838.162551 got lock (6)
1701756838.162575 trying connect
1701756838.162602 connect failed: No such file or directory
1701756838.163119 add peer 0x55cbdcf45540: 7 ((nil))
1701756838.163850 sending message 100 to peer 0x55cbdcf45540 (4 bytes)
1701756838.163894 sending message 111 to peer 0x55cbdcf45540 (8 bytes)
1701756838.163913 sending message 101 to peer 0x55cbdcf45540 (15 bytes)
1701756838.163927 sending message 109 to peer 0x55cbdcf45540 (4 bytes)
1701756838.163943 sending message 102 to peer 0x55cbdcf45540 (11 bytes)
1701756838.163958 sending message 108 to peer 0x55cbdcf45540 (21 bytes)
1701756838.163973 sending message 112 to peer 0x55cbdcf45540 (58 bytes)
1701756838.163988 sending message 112 to peer 0x55cbdcf45540 (5 bytes)
1701756838.164003 sending message 112 to peer 0x55cbdcf45540 (5 bytes)
1701756838.164017 sending message 112 to peer 0x55cbdcf45540 (6 bytes)
1701756838.164031 sending message 112 to peer 0x55cbdcf45540 (6 bytes)
1701756838.164046 sending message 112 to peer 0x55cbdcf45540 (11 bytes)
1701756838.164060 sending message 112 to peer 0x55cbdcf45540 (10 bytes)
1701756838.164075 sending message 112 to peer 0x55cbdcf45540 (13 bytes)
1701756838.164090 sending message 112 to peer 0x55cbdcf45540 (14 bytes)
1701756838.164105 sending message 112 to peer 0x55cbdcf45540 (19 bytes)
1701756838.164119 sending message 112 to peer 0x55cbdcf45540 (11 bytes)
1701756838.164134 sending message 112 to peer 0x55cbdcf45540 (10 bytes)
1701756838.164149 sending message 112 to peer 0x55cbdcf45540 (15 bytes)
1701756838.164164 sending message 112 to peer 0x55cbdcf45540 (21 bytes)
1701756838.164178 sending message 112 to peer 0x55cbdcf45540 (13 bytes)
1701756838.164193 sending message 112 to peer 0x55cbdcf45540 (7 bytes)
1701756838.164207 sending message 112 to peer 0x55cbdcf45540 (13 bytes)
1701756838.164222 sending message 112 to peer 0x55cbdcf45540 (7 bytes)
1701756838.164236 sending message 112 to peer 0x55cbdcf45540 (13 bytes)
1701756838.164252 sending message 112 to peer 0x55cbdcf45540 (9 bytes)
1701756838.164266 sending message 112 to peer 0x55cbdcf45540 (21 bytes)
1701756838.164280 sending message 112 to peer 0x55cbdcf45540 (13 bytes)
1701756838.164295 sending message 112 to peer 0x55cbdcf45540 (9 bytes)
1701756838.164310 sending message 112 to peer 0x55cbdcf45540 (16 bytes)
1701756838.164325 sending message 112 to peer 0x55cbdcf45540 (13 bytes)
1701756838.164340 sending message 112 to peer 0x55cbdcf45540 (9 bytes)
1701756838.164355 sending message 112 to peer 0x55cbdcf45540 (9 bytes)
1701756838.164369 sending message 112 to peer 0x55cbdcf45540 (12 bytes)
1701756838.164383 sending message 112 to peer 0x55cbdcf45540 (8 bytes)
1701756838.164398 sending message 112 to peer 0x55cbdcf45540 (8 bytes)
1701756838.164412 sending message 112 to peer 0x55cbdcf45540 (13 bytes)
1701756838.164427 sending message 112 to peer 0x55cbdcf45540 (7 bytes)
1701756838.164442 sending message 112 to peer 0x55cbdcf45540 (7 bytes)
1701756838.164458 sending message 112 to peer 0x55cbdcf45540 (9 bytes)
1701756838.164472 sending message 112 to peer 0x55cbdcf45540 (9 bytes)
1701756838.164487 sending message 112 to peer 0x55cbdcf45540 (15 bytes)
1701756838.164502 sending message 112 to peer 0x55cbdcf45540 (13 bytes)
1701756838.164518 sending message 112 to peer 0x55cbdcf45540 (12 bytes)
1701756838.164534 sending message 112 to peer 0x55cbdcf45540 (8 bytes)
1701756838.164549 sending message 112 to peer 0x55cbdcf45540 (14 bytes)
1701756838.164564 sending message 112 to peer 0x55cbdcf45540 (11 bytes)
1701756838.164581 sending message 112 to peer 0x55cbdcf45540 (9 bytes)
1701756838.164619 sending message 112 to peer 0x55cbdcf45540 (10 bytes)
1701756838.164636 sending message 112 to peer 0x55cbdcf45540 (10 bytes)
1701756838.164651 sending message 112 to peer 0x55cbdcf45540 (10 bytes)
1701756838.164666 sending message 112 to peer 0x55cbdcf45540 (10 bytes)
1701756838.164681 sending message 112 to peer 0x55cbdcf45540 (11 bytes)
1701756838.164695 sending message 112 to peer 0x55cbdcf45540 (12 bytes)
1701756838.164711 sending message 112 to peer 0x55cbdcf45540 (12 bytes)
1701756838.164726 sending message 112 to peer 0x55cbdcf45540 (12 bytes)
1701756838.164740 sending message 112 to peer 0x55cbdcf45540 (12 bytes)
1701756838.164756 sending message 112 to peer 0x55cbdcf45540 (12 bytes)
1701756838.164772 sending message 112 to peer 0x55cbdcf45540 (11 bytes)
1701756838.164786 sending message 112 to peer 0x55cbdcf45540 (11 bytes)
1701756838.164802 sending message 112 to peer 0x55cbdcf45540 (12 bytes)
1701756838.164817 sending message 112 to peer 0x55cbdcf45540 (12 bytes)
1701756838.164832 sending message 112 to peer 0x55cbdcf45540 (12 bytes)
1701756838.164847 sending message 112 to peer 0x55cbdcf45540 (12 bytes)
1701756838.164862 sending message 112 to peer 0x55cbdcf45540 (12 bytes)
1701756838.164877 sending message 112 to peer 0x55cbdcf45540 (9 bytes)
1701756838.164892 sending message 112 to peer 0x55cbdcf45540 (12 bytes)
1701756838.164908 sending message 112 to peer 0x55cbdcf45540 (13 bytes)
1701756838.164923 sending message 112 to peer 0x55cbdcf45540 (13 bytes)
1701756838.164937 sending message 112 to peer 0x55cbdcf45540 (13 bytes)
1701756838.164955 sending message 112 to peer 0x55cbdcf45540 (13 bytes)
1701756838.164970 sending message 112 to peer 0x55cbdcf45540 (13 bytes)
1701756838.164984 sending message 112 to peer 0x55cbdcf45540 (8 bytes)
1701756838.165000 sending message 112 to peer 0x55cbdcf45540 (11 bytes)
1701756838.165015 sending message 112 to peer 0x55cbdcf45540 (11 bytes)
1701756838.165030 sending message 112 to peer 0x55cbdcf45540 (11 bytes)
1701756838.165046 sending message 112 to peer 0x55cbdcf45540 (12 bytes)
1701756838.165062 sending message 112 to peer 0x55cbdcf45540 (12 bytes)
1701756838.165077 sending message 112 to peer 0x55cbdcf45540 (12 bytes)
1701756838.165092 sending message 112 to peer 0x55cbdcf45540 (12 bytes)
1701756838.165108 sending message 112 to peer 0x55cbdcf45540 (13 bytes)
1701756838.165124 sending message 112 to peer 0x55cbdcf45540 (13 bytes)
1701756838.165139 sending message 112 to peer 0x55cbdcf45540 (13 bytes)
1701756838.165154 sending message 112 to peer 0x55cbdcf45540 (8 bytes)
1701756838.165170 sending message 112 to peer 0x55cbdcf45540 (13 bytes)
1701756838.165185 sending message 112 to peer 0x55cbdcf45540 (13 bytes)
1701756838.165200 sending message 112 to peer 0x55cbdcf45540 (13 bytes)
1701756838.165216 sending message 112 to peer 0x55cbdcf45540 (13 bytes)
1701756838.165231 sending message 112 to peer 0x55cbdcf45540 (13 bytes)
1701756838.165248 sending message 112 to peer 0x55cbdcf45540 (12 bytes)
1701756838.165263 sending message 112 to peer 0x55cbdcf45540 (12 bytes)
1701756838.165278 sending message 112 to peer 0x55cbdcf45540 (12 bytes)
1701756838.165294 sending message 112 to peer 0x55cbdcf45540 (12 bytes)
1701756838.165309 sending message 112 to peer 0x55cbdcf45540 (13 bytes)
1701756838.165324 sending message 112 to peer 0x55cbdcf45540 (8 bytes)
1701756838.165339 sending message 112 to peer 0x55cbdcf45540 (13 bytes)
1701756838.165355 sending message 112 to peer 0x55cbdcf45540 (13 bytes)
1701756838.165370 sending message 112 to peer 0x55cbdcf45540 (13 bytes)
1701756838.165386 sending message 112 to peer 0x55cbdcf45540 (13 bytes)
1701756838.165402 sending message 112 to peer 0x55cbdcf45540 (13 bytes)
1701756838.165417 sending message 112 to peer 0x55cbdcf45540 (13 bytes)
1701756838.165432 sending message 112 to peer 0x55cbdcf45540 (13 bytes)
1701756838.165448 sending message 112 to peer 0x55cbdcf45540 (12 bytes)
1701756838.165464 sending message 112 to peer 0x55cbdcf45540 (12 bytes)
1701756838.165479 sending message 112 to peer 0x55cbdcf45540 (12 bytes)
1701756838.165510 sending message 112 to peer 0x55cbdcf45540 (8 bytes)
1701756838.165526 sending message 112 to peer 0x55cbdcf45540 (12 bytes)
1701756838.165540 sending message 112 to peer 0x55cbdcf45540 (13 bytes)
1701756838.165556 sending message 112 to peer 0x55cbdcf45540 (13 bytes)
1701756838.165572 sending message 112 to peer 0x55cbdcf45540 (13 bytes)
1701756838.165588 sending message 112 to peer 0x55cbdcf45540 (13 bytes)
1701756838.165604 sending message 112 to peer 0x55cbdcf45540 (13 bytes)
1701756838.165620 sending message 112 to peer 0x55cbdcf45540 (13 bytes)
1701756838.165634 sending message 112 to peer 0x55cbdcf45540 (13 bytes)
1701756838.165649 sending message 112 to peer 0x55cbdcf45540 (13 bytes)
1701756838.165664 sending message 112 to peer 0x55cbdcf45540 (12 bytes)
1701756838.165679 sending message 112 to peer 0x55cbdcf45540 (10 bytes)
1701756838.165694 sending message 112 to peer 0x55cbdcf45540 (12 bytes)
1701756838.165709 sending message 112 to peer 0x55cbdcf45540 (12 bytes)
1701756838.165724 sending message 112 to peer 0x55cbdcf45540 (12 bytes)
1701756838.165738 sending message 112 to peer 0x55cbdcf45540 (13 bytes)
1701756838.165753 sending message 112 to peer 0x55cbdcf45540 (13 bytes)
1701756838.165768 sending message 112 to peer 0x55cbdcf45540 (13 bytes)
1701756838.165789 sending message 112 to peer 0x55cbdcf45540 (13 bytes)
1701756838.165804 sending message 112 to peer 0x55cbdcf45540 (13 bytes)
1701756838.165819 sending message 112 to peer 0x55cbdcf45540 (13 bytes)
1701756838.165834 sending message 112 to peer 0x55cbdcf45540 (13 bytes)
1701756838.165849 sending message 112 to peer 0x55cbdcf45540 (10 bytes)
1701756838.165863 sending message 112 to peer 0x55cbdcf45540 (13 bytes)
1701756838.165878 sending message 112 to peer 0x55cbdcf45540 (12 bytes)
1701756838.165893 sending message 112 to peer 0x55cbdcf45540 (12 bytes)
1701756838.165908 sending message 112 to peer 0x55cbdcf45540 (12 bytes)
1701756838.165923 sending message 112 to peer 0x55cbdcf45540 (10 bytes)
1701756838.165937 sending message 112 to peer 0x55cbdcf45540 (10 bytes)
1701756838.165952 sending message 112 to peer 0x55cbdcf45540 (10 bytes)
1701756838.165969 sending message 112 to peer 0x55cbdcf45540 (12 bytes)
1701756838.165983 sending message 112 to peer 0x55cbdcf45540 (13 bytes)
1701756838.165998 sending message 112 to peer 0x55cbdcf45540 (13 bytes)
1701756838.166014 sending message 112 to peer 0x55cbdcf45540 (13 bytes)
1701756838.166029 sending message 112 to peer 0x55cbdcf45540 (13 bytes)
1701756838.166045 sending message 112 to peer 0x55cbdcf45540 (13 bytes)
1701756838.166061 sending message 112 to peer 0x55cbdcf45540 (10 bytes)
1701756838.166076 sending message 112 to peer 0x55cbdcf45540 (11 bytes)
1701756838.166091 sending message 112 to peer 0x55cbdcf45540 (12 bytes)
1701756838.166107 sending message 112 to peer 0x55cbdcf45540 (12 bytes)
1701756838.166123 sending message 112 to peer 0x55cbdcf45540 (12 bytes)
1701756838.166139 sending message 112 to peer 0x55cbdcf45540 (12 bytes)
1701756838.166154 sending message 112 to peer 0x55cbdcf45540 (12 bytes)
1701756838.166169 sending message 112 to peer 0x55cbdcf45540 (11 bytes)
1701756838.166183 sending message 112 to peer 0x55cbdcf45540 (12 bytes)
1701756838.166198 sending message 112 to peer 0x55cbdcf45540 (12 bytes)
1701756838.166212 sending message 112 to peer 0x55cbdcf45540 (13 bytes)
1701756838.166227 sending message 112 to peer 0x55cbdcf45540 (13 bytes)
1701756838.166242 sending message 112 to peer 0x55cbdcf45540 (13 bytes)
1701756838.166257 sending message 112 to peer 0x55cbdcf45540 (13 bytes)
1701756838.166271 sending message 112 to peer 0x55cbdcf45540 (13 bytes)
1701756838.166289 sending message 112 to peer 0x55cbdcf45540 (10 bytes)
1701756838.166309 sending message 112 to peer 0x55cbdcf45540 (9 bytes)
1701756838.166325 sending message 112 to peer 0x55cbdcf45540 (12 bytes)
1701756838.166341 sending message 112 to peer 0x55cbdcf45540 (13 bytes)
1701756838.166356 sending message 112 to peer 0x55cbdcf45540 (13 bytes)
1701756838.166387 sending message 112 to peer 0x55cbdcf45540 (13 bytes)
1701756838.166402 sending message 112 to peer 0x55cbdcf45540 (13 bytes)
1701756838.166418 sending message 112 to peer 0x55cbdcf45540 (13 bytes)
1701756838.166433 sending message 112 to peer 0x55cbdcf45540 (9 bytes)
1701756838.166447 sending message 112 to peer 0x55cbdcf45540 (12 bytes)
1701756838.166463 sending message 112 to peer 0x55cbdcf45540 (13 bytes)
1701756838.166479 sending message 112 to peer 0x55cbdcf45540 (13 bytes)
1701756838.166493 sending message 112 to peer 0x55cbdcf45540 (13 bytes)
1701756838.166508 sending message 112 to peer 0x55cbdcf45540 (13 bytes)
1701756838.166522 sending message 112 to peer 0x55cbdcf45540 (13 bytes)
1701756838.166538 sending message 112 to peer 0x55cbdcf45540 (11 bytes)
1701756838.166554 sending message 112 to peer 0x55cbdcf45540 (12 bytes)
1701756838.166570 sending message 112 to peer 0x55cbdcf45540 (13 bytes)
1701756838.166585 sending message 112 to peer 0x55cbdcf45540 (13 bytes)
1701756838.166601 sending message 112 to peer 0x55cbdcf45540 (13 bytes)
1701756838.166615 sending message 112 to peer 0x55cbdcf45540 (13 bytes)
1701756838.166631 sending message 112 to peer 0x55cbdcf45540 (13 bytes)
1701756838.166646 sending message 112 to peer 0x55cbdcf45540 (11 bytes)
1701756838.166661 sending message 112 to peer 0x55cbdcf45540 (12 bytes)
1701756838.166690 sending message 112 to peer 0x55cbdcf45540 (12 bytes)
1701756838.166706 sending message 112 to peer 0x55cbdcf45540 (12 bytes)
1701756838.166721 sending message 112 to peer 0x55cbdcf45540 (12 bytes)
1701756838.166735 sending message 112 to peer 0x55cbdcf45540 (12 bytes)
1701756838.166753 sending message 112 to peer 0x55cbdcf45540 (21 bytes)
1701756838.166768 sending message 112 to peer 0x55cbdcf45540 (12 bytes)
1701756838.166783 sending message 112 to peer 0x55cbdcf45540 (9 bytes)
1701756838.166798 sending message 112 to peer 0x55cbdcf45540 (6 bytes)
1701756838.166813 sending message 112 to peer 0x55cbdcf45540 (13 bytes)
1701756838.166829 sending message 112 to peer 0x55cbdcf45540 (10 bytes)
1701756838.166848 sending message 112 to peer 0x55cbdcf45540 (24 bytes)
1701756838.166863 sending message 112 to peer 0x55cbdcf45540 (13 bytes)
1701756838.166878 sending message 112 to peer 0x55cbdcf45540 (9 bytes)
1701756838.166894 sending message 112 to peer 0x55cbdcf45540 (70 bytes)
1701756838.166909 sending message 112 to peer 0x55cbdcf45540 (69 bytes)
1701756838.166926 sending message 112 to peer 0x55cbdcf45540 (12 bytes)
1701756838.166947 sending message 112 to peer 0x55cbdcf45540 (10 bytes)
1701756838.166961 sending message 112 to peer 0x55cbdcf45540 (10 bytes)
1701756838.166976 sending message 112 to peer 0x55cbdcf45540 (24 bytes)
1701756838.166991 sending message 112 to peer 0x55cbdcf45540 (13 bytes)
1701756838.167006 sending message 112 to peer 0x55cbdcf45540 (10 bytes)
1701756838.167021 sending message 112 to peer 0x55cbdcf45540 (10 bytes)
1701756838.167036 sending message 112 to peer 0x55cbdcf45540 (10 bytes)
1701756838.167051 sending message 112 to peer 0x55cbdcf45540 (13 bytes)
1701756838.167065 sending message 112 to peer 0x55cbdcf45540 (15 bytes)
1701756838.167079 sending message 112 to peer 0x55cbdcf45540 (5 bytes)
1701756838.167097 sending message 104 to peer 0x55cbdcf45540 (0 bytes)
1701756838.167113 sending message 110 to peer 0x55cbdcf45540 (0 bytes)
1701756838.167128 sending message 107 to peer 0x55cbdcf45540 (4 bytes)
1701756838.167143 sending message 105 to peer 0x55cbdcf45540 (22 bytes)
1701756838.167158 sending message 105 to peer 0x55cbdcf45540 (41 bytes)
1701756838.167173 sending message 105 to peer 0x55cbdcf45540 (150 bytes)
1701756838.167191 sending message 105 to peer 0x55cbdcf45540 (86 bytes)
1701756838.167207 sending message 105 to peer 0x55cbdcf45540 (11 bytes)
1701756838.167222 sending message 105 to peer 0x55cbdcf45540 (18 bytes)
1701756838.167237 sending message 105 to peer 0x55cbdcf45540 (33 bytes)
1701756838.167252 sending message 105 to peer 0x55cbdcf45540 (26 bytes)
1701756838.167268 sending message 105 to peer 0x55cbdcf45540 (18 bytes)
1701756838.167298 sending message 105 to peer 0x55cbdcf45540 (23 bytes)
1701756838.167313 sending message 105 to peer 0x55cbdcf45540 (10 bytes)
1701756838.167328 sending message 105 to peer 0x55cbdcf45540 (23 bytes)
1701756838.167343 sending message 105 to peer 0x55cbdcf45540 (18 bytes)
1701756838.167357 sending message 105 to peer 0x55cbdcf45540 (16 bytes)
1701756838.167372 sending message 105 to peer 0x55cbdcf45540 (54 bytes)
1701756838.167387 sending message 105 to peer 0x55cbdcf45540 (33 bytes)
1701756838.167402 sending message 105 to peer 0x55cbdcf45540 (28 bytes)
1701756838.167417 sending message 105 to peer 0x55cbdcf45540 (12 bytes)
1701756838.167438 sending message 105 to peer 0x55cbdcf45540 (17 bytes)
1701756838.167453 sending message 105 to peer 0x55cbdcf45540 (27 bytes)
1701756838.167467 sending message 105 to peer 0x55cbdcf45540 (19 bytes)
1701756838.167482 sending message 105 to peer 0x55cbdcf45540 (44 bytes)
1701756838.167496 sending message 105 to peer 0x55cbdcf45540 (23 bytes)
1701756838.167511 sending message 105 to peer 0x55cbdcf45540 (13 bytes)
1701756838.167525 sending message 105 to peer 0x55cbdcf45540 (30 bytes)
1701756838.167540 sending message 105 to peer 0x55cbdcf45540 (378 bytes)
1701756838.167555 sending message 105 to peer 0x55cbdcf45540 (31 bytes)
1701756838.167569 sending message 105 to peer 0x55cbdcf45540 (67 bytes)
1701756838.167583 sending message 105 to peer 0x55cbdcf45540 (19 bytes)
1701756838.167598 sending message 105 to peer 0x55cbdcf45540 (25 bytes)
1701756838.167611 sending message 105 to peer 0x55cbdcf45540 (20 bytes)
1701756838.167626 sending message 105 to peer 0x55cbdcf45540 (32 bytes)
1701756838.167641 sending message 105 to peer 0x55cbdcf45540 (14 bytes)
1701756838.167660 sending message 105 to peer 0x55cbdcf45540 (20 bytes)
1701756838.167675 sending message 105 to peer 0x55cbdcf45540 (54 bytes)
1701756838.167689 sending message 105 to peer 0x55cbdcf45540 (25 bytes)
1701756838.167703 sending message 105 to peer 0x55cbdcf45540 (11 bytes)
1701756838.167721 sending message 105 to peer 0x55cbdcf45540 (20 bytes)
1701756838.167736 sending message 105 to peer 0x55cbdcf45540 (18 bytes)
1701756838.167752 sending message 105 to peer 0x55cbdcf45540 (23 bytes)
1701756838.167767 sending message 105 to peer 0x55cbdcf45540 (8 bytes)
1701756838.167782 sending message 105 to peer 0x55cbdcf45540 (11 bytes)
1701756838.167797 sending message 105 to peer 0x55cbdcf45540 (40 bytes)
1701756838.167811 sending message 105 to peer 0x55cbdcf45540 (78 bytes)
1701756838.167827 sending message 105 to peer 0x55cbdcf45540 (19 bytes)
1701756838.167842 sending message 105 to peer 0x55cbdcf45540 (26 bytes)
1701756838.167857 sending message 105 to peer 0x55cbdcf45540 (31 bytes)
1701756838.167888 sending message 105 to peer 0x55cbdcf45540 (11 bytes)
1701756838.167909 sending message 105 to peer 0x55cbdcf45540 (8 bytes)
1701756838.167927 sending message 105 to peer 0x55cbdcf45540 (32 bytes)
1701756838.167943 sending message 105 to peer 0x55cbdcf45540 (1519 bytes)
1701756838.167989 sending message 106 to peer 0x55cbdcf45540 (0 bytes)
1701756838.168013 sending message 200 to peer 0x55cbdcf45540 (4 bytes)
1701756838.168028 client loop enter
1701756838.168126 client_signal: Child exited
1701756838.282852 peer 0x55cbdcf45540 message 207
1701756838.282881 sending message 208 to peer 0x55cbdcf45540 (0 bytes)
